{"numFailedTestSuites":0,"numFailedTests":0,"numPassedTestSuites":23,"numPassedTests":143,"numPendingTestSuites":0,"numPendingTests":0,"numRuntimeErrorTestSuites":0,"numTodoTests":0,"numTotalTestSuites":23,"numTotalTests":143,"openHandles":[],"snapshot":{"added":0,"didUpdate":false,"failure":false,"filesAdded":0,"filesRemoved":0,"filesRemovedList":[],"filesUnmatched":0,"filesUpdated":0,"matched":0,"total":0,"unchecked":0,"uncheckedKeysByFile":[],"unmatched":0,"updated":0},"startTime":1771811268842,"success":true,"testResults":[{"assertionResults":[{"ancestorTitles":["HomeScreen"],"duration":522,"failureDetails":[],"failureMessages":[],"fullName":"HomeScreen renders correctly","invocations":1,"location":null,"numPassingAsserts":2,"retryReasons":[],"status":"passed","title":"renders correctly"},{"ancestorTitles":["HomeScreen"],"duration":17,"failureDetails":[],"failureMessages":[],"fullName":"HomeScreen displays mode cards","invocations":1,"location":null,"numPassingAsserts":6,"retryReasons":[],"status":"passed","title":"displays mode cards"},{"ancestorTitles":["HomeScreen"],"duration":13,"failureDetails":[],"failureMessages":[],"fullName":"HomeScreen shows streak container","invocations":1,"location":null,"numPassingAsserts":2,"retryReasons":[],"status":"passed","title":"shows streak container"},{"ancestorTitles":["HomeScreen"],"duration":16,"failureDetails":[],"failureMessages":[],"fullName":"HomeScreen renders activation trend metrics correctly","invocations":1,"location":null,"numPassingAsserts":8,"retryReasons":[],"status":"passed","title":"renders activation trend metrics correctly"},{"ancestorTitles":["HomeScreen"],"duration":15,"failureDetails":[],"failureMessages":[],"fullName":"HomeScreen navigates to FogCutter when its card is pressed","invocations":1,"location":null,"numPassingAsserts":2,"retryReasons":[],"status":"passed","title":"navigates to FogCutter when its card is pressed"},{"ancestorTitles":["HomeScreen"],"duration":13,"failureDetails":[],"failureMessages":[],"fullName":"HomeScreen navigates to Focus (Ignite) when Resume card is pressed","invocations":1,"location":null,"numPassingAsserts":2,"retryReasons":[],"status":"passed","title":"navigates to Focus (Ignite) when Resume card is pressed"},{"ancestorTitles":["HomeScreen"],"duration":19,"failureDetails":[],"failureMessages":[],"fullName":"HomeScreen shows re-entry prompt and routes to Focus","invocations":1,"location":null,"numPassingAsserts":3,"retryReasons":[],"status":"passed","title":"shows re-entry prompt and routes to Focus"},{"ancestorTitles":["HomeScreen"],"duration":41,"failureDetails":[],"failureMessages":[],"fullName":"HomeScreen renders overlay debug log entries when permission event is received","invocations":1,"location":null,"numPassingAsserts":4,"retryReasons":[],"status":"passed","title":"renders overlay debug log entries when permission event is received"},{"ancestorTitles":["HomeScreen"],"duration":24,"failureDetails":[],"failureMessages":[],"fullName":"HomeScreen syncs overlay toggle from running state and lifecycle events","invocations":1,"location":null,"numPassingAsserts":5,"retryReasons":[],"status":"passed","title":"syncs overlay toggle from running state and lifecycle events"}],"endTime":1771811270275,"message":"","name":"C:\\Users\\Steve\\OneDrive\\Desktop\\Github Repos\\spark-adhd\\__tests__\\HomeScreen.test.tsx","startTime":1771811268890,"status":"passed","summary":""},{"assertionResults":[{"ancestorTitles":["Phase B loading states"],"duration":74,"failureDetails":[],"failureMessages":[],"fullName":"Phase B loading states shows loading state for BrainDump initial hydration","invocations":1,"location":null,"numPassingAsserts":1,"retryReasons":[],"status":"passed","title":"shows loading state for BrainDump initial hydration"},{"ancestorTitles":["Phase B loading states"],"duration":7,"failureDetails":[],"failureMessages":[],"fullName":"Phase B loading states shows loading state for FogCutter initial hydration","invocations":1,"location":null,"numPassingAsserts":1,"retryReasons":[],"status":"passed","title":"shows loading state for FogCutter initial hydration"},{"ancestorTitles":["Phase B loading states"],"duration":4,"failureDetails":[],"failureMessages":[],"fullName":"Phase B loading states shows restoring state for Ignite session restore","invocations":1,"location":null,"numPassingAsserts":1,"retryReasons":[],"status":"passed","title":"shows restoring state for Ignite session restore"}],"endTime":1771811270490,"message":"","name":"C:\\Users\\Steve\\OneDrive\\Desktop\\Github Repos\\spark-adhd\\__tests__\\PhaseBUXStates.test.tsx","startTime":1771811270281,"status":"passed","summary":""},{"assertionResults":[{"ancestorTitles":["DiagnosticsScreen backup tools"],"duration":160,"failureDetails":[],"failureMessages":[],"fullName":"DiagnosticsScreen backup tools exports backup JSON into the backup input","invocations":1,"location":null,"numPassingAsserts":2,"retryReasons":[],"status":"passed","title":"exports backup JSON into the backup input"},{"ancestorTitles":["DiagnosticsScreen backup tools"],"duration":31,"failureDetails":[],"failureMessages":[],"fullName":"DiagnosticsScreen backup tools imports valid backup JSON (default overwrite) and writes tracked keys while removing absent ones","invocations":1,"location":null,"numPassingAsserts":2,"retryReasons":[],"status":"passed","title":"imports valid backup JSON (default overwrite) and writes tracked keys while removing absent ones"},{"ancestorTitles":["DiagnosticsScreen backup tools"],"duration":29,"failureDetails":[],"failureMessages":[],"fullName":"DiagnosticsScreen backup tools imports valid backup JSON (merge mode) and updates only present keys without removals","invocations":1,"location":null,"numPassingAsserts":2,"retryReasons":[],"status":"passed","title":"imports valid backup JSON (merge mode) and updates only present keys without removals"},{"ancestorTitles":["DiagnosticsScreen backup tools"],"duration":16,"failureDetails":[],"failureMessages":[],"fullName":"DiagnosticsScreen backup tools rejects invalid backup payload schema","invocations":1,"location":null,"numPassingAsserts":2,"retryReasons":[],"status":"passed","title":"rejects invalid backup payload schema"}],"endTime":1771811270824,"message":"","name":"C:\\Users\\Steve\\OneDrive\\Desktop\\Github Repos\\spark-adhd\\__tests__\\DiagnosticsScreen.test.tsx","startTime":1771811270494,"status":"passed","summary":""},{"assertionResults":[{"ancestorTitles":["CheckInScreen"],"duration":7,"failureDetails":[],"failureMessages":[],"fullName":"CheckInScreen maps high readiness to focus ignite action","invocations":1,"location":null,"numPassingAsserts":2,"retryReasons":[],"status":"passed","title":"maps high readiness to focus ignite action"},{"ancestorTitles":["CheckInScreen"],"duration":127,"failureDetails":[],"failureMessages":[],"fullName":"CheckInScreen queues pending ignite start and navigates on high readiness CTA","invocations":1,"location":null,"numPassingAsserts":2,"retryReasons":[],"status":"passed","title":"queues pending ignite start and navigates on high readiness CTA"},{"ancestorTitles":["CheckInScreen"],"duration":69,"failureDetails":[],"failureMessages":[],"fullName":"CheckInScreen still navigates to focus when pending start queue fails","invocations":1,"location":null,"numPassingAsserts":2,"retryReasons":[],"status":"passed","title":"still navigates to focus when pending start queue fails"}],"endTime":1771811271121,"message":"","name":"C:\\Users\\Steve\\OneDrive\\Desktop\\Github Repos\\spark-adhd\\__tests__\\CheckInScreen.test.tsx","startTime":1771811270827,"status":"passed","summary":""},{"assertionResults":[{"ancestorTitles":["FogCutterScreen"],"duration":134,"failureDetails":[],"failureMessages":[],"fullName":"FogCutterScreen loads tasks from storage and renders them","invocations":1,"location":null,"numPassingAsserts":2,"retryReasons":[],"status":"passed","title":"loads tasks from storage and renders them"}],"endTime":1771811271331,"message":"","name":"C:\\Users\\Steve\\OneDrive\\Desktop\\Github Repos\\spark-adhd\\__tests__\\FogCutterScreen.test.tsx","startTime":1771811271124,"status":"passed","summary":""},{"assertionResults":[{"ancestorTitles":["CBTGuideScreen"],"duration":192,"failureDetails":[],"failureMessages":[],"fullName":"CBTGuideScreen renders correctly with title","invocations":1,"location":null,"numPassingAsserts":2,"retryReasons":[],"status":"passed","title":"renders correctly with title"},{"ancestorTitles":["CBTGuideScreen"],"duration":12,"failureDetails":[],"failureMessages":[],"fullName":"CBTGuideScreen displays CADDI pillars","invocations":1,"location":null,"numPassingAsserts":3,"retryReasons":[],"status":"passed","title":"displays CADDI pillars"},{"ancestorTitles":["CBTGuideScreen"],"duration":13,"failureDetails":[],"failureMessages":[],"fullName":"CBTGuideScreen shows feature buttons","invocations":1,"location":null,"numPassingAsserts":5,"retryReasons":[],"status":"passed","title":"shows feature buttons"},{"ancestorTitles":["CBTGuideScreen"],"duration":17,"failureDetails":[],"failureMessages":[],"fullName":"CBTGuideScreen renders compact CADDI research section","invocations":1,"location":null,"numPassingAsserts":7,"retryReasons":[],"status":"passed","title":"renders compact CADDI research section"}],"endTime":1771811271652,"message":"","name":"C:\\Users\\Steve\\OneDrive\\Desktop\\Github Repos\\spark-adhd\\__tests__\\CBTGuideScreen.test.tsx","startTime":1771811271334,"status":"passed","summary":""},{"assertionResults":[{"ancestorTitles":["CalendarScreen"],"duration":110,"failureDetails":[],"failureMessages":[],"fullName":"CalendarScreen shows unsupported status on web and disables connect button","invocations":1,"location":null,"numPassingAsserts":2,"retryReasons":[],"status":"passed","title":"shows unsupported status on web and disables connect button"}],"endTime":1771811271956,"message":"","name":"C:\\Users\\Steve\\OneDrive\\Desktop\\Github Repos\\spark-adhd\\__tests__\\CalendarScreen.test.tsx","startTime":1771811271658,"status":"passed","summary":""},{"assertionResults":[{"ancestorTitles":["helpers fuzz tests"],"duration":89,"failureDetails":[],"failureMessages":[],"fullName":"helpers fuzz tests formatTime handles random non-negative values","invocations":1,"location":null,"numPassingAsserts":1250,"retryReasons":[],"status":"passed","title":"formatTime handles random non-negative values"}],"endTime":1771811272154,"message":"","name":"C:\\Users\\Steve\\OneDrive\\Desktop\\Github Repos\\spark-adhd\\__tests__\\helpers.fuzz.test.ts","startTime":1771811271961,"status":"passed","summary":""},{"assertionResults":[{"ancestorTitles":["CaptureService","getAll"],"duration":1,"failureDetails":[],"failureMessages":[],"fullName":"CaptureService getAll returns empty array when storage is null","invocations":1,"location":null,"numPassingAsserts":1,"retryReasons":[],"status":"passed","title":"returns empty array when storage is null"},{"ancestorTitles":["CaptureService","getAll"],"duration":1,"failureDetails":[],"failureMessages":[],"fullName":"CaptureService getAll returns all items when no filter is provided","invocations":1,"location":null,"numPassingAsserts":1,"retryReasons":[],"status":"passed","title":"returns all items when no filter is provided"},{"ancestorTitles":["CaptureService","getAll"],"duration":1,"failureDetails":[],"failureMessages":[],"fullName":"CaptureService getAll filters by status when filter is provided","invocations":1,"location":null,"numPassingAsserts":2,"retryReasons":[],"status":"passed","title":"filters by status when filter is provided"},{"ancestorTitles":["CaptureService","getAll"],"duration":0,"failureDetails":[],"failureMessages":[],"fullName":"CaptureService getAll returns empty array on storage error","invocations":1,"location":null,"numPassingAsserts":1,"retryReasons":[],"status":"passed","title":"returns empty array on storage error"},{"ancestorTitles":["CaptureService","getUnreviewedCount"],"duration":1,"failureDetails":[],"failureMessages":[],"fullName":"CaptureService getUnreviewedCount returns count of unreviewed items","invocations":1,"location":null,"numPassingAsserts":1,"retryReasons":[],"status":"passed","title":"returns count of unreviewed items"},{"ancestorTitles":["CaptureService","getUnreviewedCount"],"duration":0,"failureDetails":[],"failureMessages":[],"fullName":"CaptureService getUnreviewedCount returns 0 when inbox is empty","invocations":1,"location":null,"numPassingAsserts":1,"retryReasons":[],"status":"passed","title":"returns 0 when inbox is empty"},{"ancestorTitles":["CaptureService","save"],"duration":2,"failureDetails":[],"failureMessages":[],"fullName":"CaptureService save saves a new item with auto-assigned id, createdAt, and status=unreviewed","invocations":1,"location":null,"numPassingAsserts":6,"retryReasons":[],"status":"passed","title":"saves a new item with auto-assigned id, createdAt, and status=unreviewed"},{"ancestorTitles":["CaptureService","save"],"duration":1,"failureDetails":[],"failureMessages":[],"fullName":"CaptureService save prepends new item to inbox (newest first)","invocations":1,"location":null,"numPassingAsserts":2,"retryReasons":[],"status":"passed","title":"prepends new item to inbox (newest first)"},{"ancestorTitles":["CaptureService","save"],"duration":0,"failureDetails":[],"failureMessages":[],"fullName":"CaptureService save marks syncError on storage failure but still returns item","invocations":1,"location":null,"numPassingAsserts":2,"retryReasons":[],"status":"passed","title":"marks syncError on storage failure but still returns item"},{"ancestorTitles":["CaptureService","promote"],"duration":0,"failureDetails":[],"failureMessages":[],"fullName":"CaptureService promote promotes item to task and sets status=promoted","invocations":1,"location":null,"numPassingAsserts":3,"retryReasons":[],"status":"passed","title":"promotes item to task and sets status=promoted"},{"ancestorTitles":["CaptureService","promote"],"duration":1,"failureDetails":[],"failureMessages":[],"fullName":"CaptureService promote promotes item to note","invocations":1,"location":null,"numPassingAsserts":1,"retryReasons":[],"status":"passed","title":"promotes item to note"},{"ancestorTitles":["CaptureService","discard"],"duration":0,"failureDetails":[],"failureMessages":[],"fullName":"CaptureService discard sets status=discarded on the target item","invocations":1,"location":null,"numPassingAsserts":1,"retryReasons":[],"status":"passed","title":"sets status=discarded on the target item"},{"ancestorTitles":["CaptureService","delete"],"duration":0,"failureDetails":[],"failureMessages":[],"fullName":"CaptureService delete removes the item from storage permanently","invocations":1,"location":null,"numPassingAsserts":2,"retryReasons":[],"status":"passed","title":"removes the item from storage permanently"},{"ancestorTitles":["CaptureService","clearDiscarded"],"duration":1,"failureDetails":[],"failureMessages":[],"fullName":"CaptureService clearDiscarded removes all discarded items and keeps others","invocations":1,"location":null,"numPassingAsserts":2,"retryReasons":[],"status":"passed","title":"removes all discarded items and keeps others"},{"ancestorTitles":["CaptureService","subscribe"],"duration":26,"failureDetails":[],"failureMessages":[],"fullName":"CaptureService subscribe calls subscriber immediately with current unreviewed count","invocations":1,"location":null,"numPassingAsserts":1,"retryReasons":[],"status":"passed","title":"calls subscriber immediately with current unreviewed count"},{"ancestorTitles":["CaptureService","subscribe"],"duration":14,"failureDetails":[],"failureMessages":[],"fullName":"CaptureService subscribe unsubscribe stops future notifications","invocations":1,"location":null,"numPassingAsserts":1,"retryReasons":[],"status":"passed","title":"unsubscribe stops future notifications"},{"ancestorTitles":["CaptureService","subscribe"],"duration":35,"failureDetails":[],"failureMessages":[],"fullName":"CaptureService subscribe notifies subscribers after save with updated count","invocations":1,"location":null,"numPassingAsserts":1,"retryReasons":[],"status":"passed","title":"notifies subscribers after save with updated count"}],"endTime":1771811272356,"message":"","name":"C:\\Users\\Steve\\OneDrive\\Desktop\\Github Repos\\spark-adhd\\__tests__\\CaptureService.test.ts","startTime":1771811272162,"status":"passed","summary":""},{"assertionResults":[{"ancestorTitles":["PlaudService","transcribe"],"duration":3,"failureDetails":[],"failureMessages":[],"fullName":"PlaudService transcribe should handle successful transcription on Web","invocations":1,"location":null,"numPassingAsserts":2,"retryReasons":[],"status":"passed","title":"should handle successful transcription on Web"},{"ancestorTitles":["PlaudService","transcribe"],"duration":0,"failureDetails":[],"failureMessages":[],"fullName":"PlaudService transcribe should handle successful transcription on Native","invocations":1,"location":null,"numPassingAsserts":2,"retryReasons":[],"status":"passed","title":"should handle successful transcription on Native"},{"ancestorTitles":["PlaudService","transcribe"],"duration":0,"failureDetails":[],"failureMessages":[],"fullName":"PlaudService transcribe should handle API error responses","invocations":1,"location":null,"numPassingAsserts":2,"retryReasons":[],"status":"passed","title":"should handle API error responses"},{"ancestorTitles":["PlaudService","transcribe"],"duration":1,"failureDetails":[],"failureMessages":[],"fullName":"PlaudService transcribe should handle network exceptions","invocations":1,"location":null,"numPassingAsserts":2,"retryReasons":[],"status":"passed","title":"should handle network exceptions"},{"ancestorTitles":["PlaudService","healthCheck"],"duration":0,"failureDetails":[],"failureMessages":[],"fullName":"PlaudService healthCheck should return true when API is reachable","invocations":1,"location":null,"numPassingAsserts":1,"retryReasons":[],"status":"passed","title":"should return true when API is reachable"},{"ancestorTitles":["PlaudService","healthCheck"],"duration":0,"failureDetails":[],"failureMessages":[],"fullName":"PlaudService healthCheck should return false when API is unreachable","invocations":1,"location":null,"numPassingAsserts":1,"retryReasons":[],"status":"passed","title":"should return false when API is unreachable"},{"ancestorTitles":["PlaudService","GoogleTasksSyncService.syncSortedItemsToGoogle"],"duration":4,"failureDetails":[],"failureMessages":[],"fullName":"PlaudService GoogleTasksSyncService.syncSortedItemsToGoogle creates Google task and calendar event from sorted items","invocations":1,"location":null,"numPassingAsserts":6,"retryReasons":[],"status":"passed","title":"creates Google task and calendar event from sorted items"},{"ancestorTitles":["PlaudService","GoogleTasksSyncService.syncSortedItemsToGoogle"],"duration":0,"failureDetails":[],"failureMessages":[],"fullName":"PlaudService GoogleTasksSyncService.syncSortedItemsToGoogle returns authRequired when Google token cannot be acquired","invocations":1,"location":null,"numPassingAsserts":3,"retryReasons":[],"status":"passed","title":"returns authRequired when Google token cannot be acquired"},{"ancestorTitles":["PlaudService","GoogleTasksSyncService.syncSortedItemsToGoogle"],"duration":1,"failureDetails":[],"failureMessages":[],"fullName":"PlaudService GoogleTasksSyncService.syncSortedItemsToGoogle skips duplicate fingerprints from prior exports","invocations":1,"location":null,"numPassingAsserts":3,"retryReasons":[],"status":"passed","title":"skips duplicate fingerprints from prior exports"}],"endTime":1771811272488,"message":"","name":"C:\\Users\\Steve\\OneDrive\\Desktop\\Github Repos\\spark-adhd\\__tests__\\PlaudService.test.ts","startTime":1771811272362,"status":"passed","summary":""},{"assertionResults":[{"ancestorTitles":["AISortService"],"duration":1,"failureDetails":[],"failureMessages":[],"fullName":"AISortService returns [] for empty input","invocations":1,"location":null,"numPassingAsserts":2,"retryReasons":[],"status":"passed","title":"returns [] for empty input"},{"ancestorTitles":["AISortService"],"duration":1,"failureDetails":[],"failureMessages":[],"fullName":"AISortService returns sorted items when api succeeds","invocations":1,"location":null,"numPassingAsserts":2,"retryReasons":[],"status":"passed","title":"returns sorted items when api succeeds"},{"ancestorTitles":["AISortService"],"duration":10,"failureDetails":[],"failureMessages":[],"fullName":"AISortService throws when api returns malformed payload","invocations":1,"location":null,"numPassingAsserts":1,"retryReasons":[],"status":"passed","title":"throws when api returns malformed payload"},{"ancestorTitles":["AISortService"],"duration":1,"failureDetails":[],"failureMessages":[],"fullName":"AISortService throws with server error message","invocations":1,"location":null,"numPassingAsserts":1,"retryReasons":[],"status":"passed","title":"throws with server error message"},{"ancestorTitles":["AISortService"],"duration":1,"failureDetails":[],"failureMessages":[],"fullName":"AISortService maps browser network/CORS failures to friendly fallback error","invocations":1,"location":null,"numPassingAsserts":1,"retryReasons":[],"status":"passed","title":"maps browser network/CORS failures to friendly fallback error"},{"ancestorTitles":["AISortService"],"duration":1,"failureDetails":[],"failureMessages":[],"fullName":"AISortService falls back to generic message when non-ok response has invalid json","invocations":1,"location":null,"numPassingAsserts":1,"retryReasons":[],"status":"passed","title":"falls back to generic message when non-ok response has invalid json"}],"endTime":1771811272619,"message":"","name":"C:\\Users\\Steve\\OneDrive\\Desktop\\Github Repos\\spark-adhd\\__tests__\\AISortService.test.ts","startTime":1771811272496,"status":"passed","summary":""},{"assertionResults":[{"ancestorTitles":["AgentEventBus"],"duration":2,"failureDetails":[],"failureMessages":[],"fullName":"AgentEventBus delivers events to registered listeners","invocations":1,"location":null,"numPassingAsserts":1,"retryReasons":[],"status":"passed","title":"delivers events to registered listeners"},{"ancestorTitles":["AgentEventBus"],"duration":0,"failureDetails":[],"failureMessages":[],"fullName":"AgentEventBus unsubscribes via returned function","invocations":1,"location":null,"numPassingAsserts":1,"retryReasons":[],"status":"passed","title":"unsubscribes via returned function"},{"ancestorTitles":["AgentEventBus"],"duration":1,"failureDetails":[],"failureMessages":[],"fullName":"AgentEventBus supports multiple listeners on the same event","invocations":1,"location":null,"numPassingAsserts":2,"retryReasons":[],"status":"passed","title":"supports multiple listeners on the same event"},{"ancestorTitles":["AgentEventBus"],"duration":0,"failureDetails":[],"failureMessages":[],"fullName":"AgentEventBus does not deliver events to other event listeners","invocations":1,"location":null,"numPassingAsserts":1,"retryReasons":[],"status":"passed","title":"does not deliver events to other event listeners"},{"ancestorTitles":["AgentEventBus"],"duration":1,"failureDetails":[],"failureMessages":[],"fullName":"AgentEventBus does not throw when emitting with no listeners","invocations":1,"location":null,"numPassingAsserts":1,"retryReasons":[],"status":"passed","title":"does not throw when emitting with no listeners"},{"ancestorTitles":["AgentEventBus"],"duration":0,"failureDetails":[],"failureMessages":[],"fullName":"AgentEventBus isolates listener errors and continues delivering to others","invocations":1,"location":null,"numPassingAsserts":2,"retryReasons":[],"status":"passed","title":"isolates listener errors and continues delivering to others"}],"endTime":1771811272728,"message":"","name":"C:\\Users\\Steve\\OneDrive\\Desktop\\Github Repos\\spark-adhd\\__tests__\\services\\AgentEventBus.test.ts","startTime":1771811272623,"status":"passed","summary":""},{"assertionResults":[{"ancestorTitles":["useTimer"],"duration":4,"failureDetails":[],"failureMessages":[],"fullName":"useTimer initializes with correct time","invocations":1,"location":null,"numPassingAsserts":2,"retryReasons":[],"status":"passed","title":"initializes with correct time"},{"ancestorTitles":["useTimer"],"duration":2,"failureDetails":[],"failureMessages":[],"fullName":"useTimer starts timer when start is called","invocations":1,"location":null,"numPassingAsserts":2,"retryReasons":[],"status":"passed","title":"starts timer when start is called"},{"ancestorTitles":["useTimer"],"duration":2,"failureDetails":[],"failureMessages":[],"fullName":"useTimer pauses timer when pause is called","invocations":1,"location":null,"numPassingAsserts":2,"retryReasons":[],"status":"passed","title":"pauses timer when pause is called"},{"ancestorTitles":["useTimer"],"duration":3,"failureDetails":[],"failureMessages":[],"fullName":"useTimer resets timer to initial time","invocations":1,"location":null,"numPassingAsserts":2,"retryReasons":[],"status":"passed","title":"resets timer to initial time"},{"ancestorTitles":["useTimer"],"duration":2,"failureDetails":[],"failureMessages":[],"fullName":"useTimer formats time correctly","invocations":1,"location":null,"numPassingAsserts":1,"retryReasons":[],"status":"passed","title":"formats time correctly"},{"ancestorTitles":["useTimer"],"duration":2,"failureDetails":[],"failureMessages":[],"fullName":"useTimer supports autoStart and completion state","invocations":1,"location":null,"numPassingAsserts":3,"retryReasons":[],"status":"passed","title":"supports autoStart and completion state"},{"ancestorTitles":["useTimer"],"duration":1,"failureDetails":[],"failureMessages":[],"fullName":"useTimer allows setting time directly","invocations":1,"location":null,"numPassingAsserts":1,"retryReasons":[],"status":"passed","title":"allows setting time directly"},{"ancestorTitles":["useTimer"],"duration":2,"failureDetails":[],"failureMessages":[],"fullName":"useTimer calls onComplete when timer finishes","invocations":1,"location":null,"numPassingAsserts":1,"retryReasons":[],"status":"passed","title":"calls onComplete when timer finishes"}],"endTime":1771811272879,"message":"","name":"C:\\Users\\Steve\\OneDrive\\Desktop\\Github Repos\\spark-adhd\\__tests__\\useTimer.test.ts","startTime":1771811272732,"status":"passed","summary":""},{"assertionResults":[{"ancestorTitles":["handleOverlayIntent"],"duration":8,"failureDetails":[],"failureMessages":[],"fullName":"handleOverlayIntent returns false when navigation is not ready","invocations":1,"location":null,"numPassingAsserts":2,"retryReasons":[],"status":"passed","title":"returns false when navigation is not ready"},{"ancestorTitles":["handleOverlayIntent"],"duration":2,"failureDetails":[],"failureMessages":[],"fullName":"handleOverlayIntent returns false when route is missing or disallowed","invocations":1,"location":null,"numPassingAsserts":3,"retryReasons":[],"status":"passed","title":"returns false when route is missing or disallowed"},{"ancestorTitles":["handleOverlayIntent"],"duration":1,"failureDetails":[],"failureMessages":[],"fullName":"handleOverlayIntent navigates to Tasks with autoRecord params and returns true","invocations":1,"location":null,"numPassingAsserts":2,"retryReasons":[],"status":"passed","title":"navigates to Tasks with autoRecord params and returns true"},{"ancestorTitles":["handleOverlayIntent"],"duration":2,"failureDetails":[],"failureMessages":[],"fullName":"handleOverlayIntent navigates to allowed non-Tasks route and returns true","invocations":1,"location":null,"numPassingAsserts":2,"retryReasons":[],"status":"passed","title":"navigates to allowed non-Tasks route and returns true"},{"ancestorTitles":["handleOverlayIntent"],"duration":2,"failureDetails":[],"failureMessages":[],"fullName":"handleOverlayIntent normalizes legacy \"Ignite\" route to ROUTES.FOCUS","invocations":1,"location":null,"numPassingAsserts":2,"retryReasons":[],"status":"passed","title":"normalizes legacy \"Ignite\" route to ROUTES.FOCUS"},{"ancestorTitles":["handleOverlayIntent"],"duration":2,"failureDetails":[],"failureMessages":[],"fullName":"handleOverlayIntent normalizes legacy \"BrainDump\" route to ROUTES.TASKS","invocations":1,"location":null,"numPassingAsserts":2,"retryReasons":[],"status":"passed","title":"normalizes legacy \"BrainDump\" route to ROUTES.TASKS"},{"ancestorTitles":["handleOverlayIntent"],"duration":2,"failureDetails":[],"failureMessages":[],"fullName":"handleOverlayIntent navigates to ROUTES.FOCUS when requested directly","invocations":1,"location":null,"numPassingAsserts":2,"retryReasons":[],"status":"passed","title":"navigates to ROUTES.FOCUS when requested directly"},{"ancestorTitles":["handleOverlayIntent"],"duration":2,"failureDetails":[],"failureMessages":[],"fullName":"handleOverlayIntent navigates to ROUTES.POMODORO when requested directly","invocations":1,"location":null,"numPassingAsserts":2,"retryReasons":[],"status":"passed","title":"navigates to ROUTES.POMODORO when requested directly"},{"ancestorTitles":["handleOverlayIntent"],"duration":1,"failureDetails":[],"failureMessages":[],"fullName":"handleOverlayIntent normalizes legacy \"FogCutter\" route to ROUTES.FOG_CUTTER","invocations":1,"location":null,"numPassingAsserts":2,"retryReasons":[],"status":"passed","title":"normalizes legacy \"FogCutter\" route to ROUTES.FOG_CUTTER"},{"ancestorTitles":["handleOverlayIntent"],"duration":1,"failureDetails":[],"failureMessages":[],"fullName":"handleOverlayIntent normalizes legacy \"CheckIn\" route to ROUTES.CHECK_IN","invocations":1,"location":null,"numPassingAsserts":2,"retryReasons":[],"status":"passed","title":"normalizes legacy \"CheckIn\" route to ROUTES.CHECK_IN"}],"endTime":1771811273013,"message":"","name":"C:\\Users\\Steve\\OneDrive\\Desktop\\Github Repos\\spark-adhd\\__tests__\\navigationRef.test.ts","startTime":1771811272885,"status":"passed","summary":""},{"assertionResults":[{"ancestorTitles":["StorageService"],"duration":1,"failureDetails":[],"failureMessages":[],"fullName":"StorageService setJSON stringifies values","invocations":1,"location":null,"numPassingAsserts":1,"retryReasons":[],"status":"passed","title":"setJSON stringifies values"},{"ancestorTitles":["StorageService"],"duration":0,"failureDetails":[],"failureMessages":[],"fullName":"StorageService getJSON parses values","invocations":1,"location":null,"numPassingAsserts":2,"retryReasons":[],"status":"passed","title":"getJSON parses values"},{"ancestorTitles":["StorageService"],"duration":1,"failureDetails":[],"failureMessages":[],"fullName":"StorageService getJSON returns null when storage is empty","invocations":1,"location":null,"numPassingAsserts":1,"retryReasons":[],"status":"passed","title":"getJSON returns null when storage is empty"},{"ancestorTitles":["StorageService"],"duration":0,"failureDetails":[],"failureMessages":[],"fullName":"StorageService getJSON returns null for invalid JSON","invocations":1,"location":null,"numPassingAsserts":1,"retryReasons":[],"status":"passed","title":"getJSON returns null for invalid JSON"},{"ancestorTitles":["StorageService"],"duration":0,"failureDetails":[],"failureMessages":[],"fullName":"StorageService get returns null on storage error","invocations":1,"location":null,"numPassingAsserts":1,"retryReasons":[],"status":"passed","title":"get returns null on storage error"},{"ancestorTitles":["StorageService"],"duration":0,"failureDetails":[],"failureMessages":[],"fullName":"StorageService set returns false on storage error","invocations":1,"location":null,"numPassingAsserts":1,"retryReasons":[],"status":"passed","title":"set returns false on storage error"},{"ancestorTitles":["StorageService"],"duration":1,"failureDetails":[],"failureMessages":[],"fullName":"StorageService remove returns false on storage error","invocations":1,"location":null,"numPassingAsserts":1,"retryReasons":[],"status":"passed","title":"remove returns false on storage error"},{"ancestorTitles":["StorageService"],"duration":0,"failureDetails":[],"failureMessages":[],"fullName":"StorageService remove returns true on success","invocations":1,"location":null,"numPassingAsserts":1,"retryReasons":[],"status":"passed","title":"remove returns true on success"},{"ancestorTitles":["StorageService"],"duration":14,"failureDetails":[],"failureMessages":[],"fullName":"StorageService setJSON returns false when JSON serialization fails","invocations":1,"location":null,"numPassingAsserts":1,"retryReasons":[],"status":"passed","title":"setJSON returns false when JSON serialization fails"},{"ancestorTitles":["RetentionService grace-day behavior"],"duration":2,"failureDetails":[],"failureMessages":[],"fullName":"RetentionService grace-day behavior preserves streak with one grace day in active window","invocations":1,"location":null,"numPassingAsserts":3,"retryReasons":[],"status":"passed","title":"preserves streak with one grace day in active window"},{"ancestorTitles":["RetentionService grace-day behavior"],"duration":0,"failureDetails":[],"failureMessages":[],"fullName":"RetentionService grace-day behavior resets streak when grace day already used","invocations":1,"location":null,"numPassingAsserts":2,"retryReasons":[],"status":"passed","title":"resets streak when grace day already used"}],"endTime":1771811273152,"message":"","name":"C:\\Users\\Steve\\OneDrive\\Desktop\\Github Repos\\spark-adhd\\__tests__\\StorageService.test.ts","startTime":1771811273027,"status":"passed","summary":""},{"assertionResults":[{"ancestorTitles":["OverlayService"],"duration":2,"failureDetails":[],"failureMessages":[],"fullName":"OverlayService returns false when permission request times out","invocations":1,"location":null,"numPassingAsserts":2,"retryReasons":[],"status":"passed","title":"returns false when permission request times out"},{"ancestorTitles":["OverlayService"],"duration":4,"failureDetails":[],"failureMessages":[],"fullName":"OverlayService clears pending count updates when overlay is stopped","invocations":1,"location":null,"numPassingAsserts":2,"retryReasons":[],"status":"passed","title":"clears pending count updates when overlay is stopped"},{"ancestorTitles":["OverlayService"],"duration":2,"failureDetails":[],"failureMessages":[],"fullName":"OverlayService subscribes and unsubscribes overlay permission timeout events","invocations":1,"location":null,"numPassingAsserts":2,"retryReasons":[],"status":"passed","title":"subscribes and unsubscribes overlay permission timeout events"},{"ancestorTitles":["OverlayService"],"duration":2,"failureDetails":[],"failureMessages":[],"fullName":"OverlayService returns running state from native overlay module","invocations":1,"location":null,"numPassingAsserts":2,"retryReasons":[],"status":"passed","title":"returns running state from native overlay module"}],"endTime":1771811273264,"message":"","name":"C:\\Users\\Steve\\OneDrive\\Desktop\\Github Repos\\spark-adhd\\__tests__\\OverlayService.test.ts","startTime":1771811273157,"status":"passed","summary":""},{"assertionResults":[{"ancestorTitles":["FogCutterAIService.generateMicroSteps"],"duration":2,"failureDetails":[],"failureMessages":[],"fullName":"FogCutterAIService.generateMicroSteps returns default steps for empty input","invocations":1,"location":null,"numPassingAsserts":2,"retryReasons":[],"status":"passed","title":"returns default steps for empty input"},{"ancestorTitles":["FogCutterAIService.generateMicroSteps"],"duration":1,"failureDetails":[],"failureMessages":[],"fullName":"FogCutterAIService.generateMicroSteps returns ai steps on success","invocations":1,"location":null,"numPassingAsserts":3,"retryReasons":[],"status":"passed","title":"returns ai steps on success"},{"ancestorTitles":["FogCutterAIService.generateMicroSteps"],"duration":0,"failureDetails":[],"failureMessages":[],"fullName":"FogCutterAIService.generateMicroSteps falls back to defaults on network error","invocations":1,"location":null,"numPassingAsserts":1,"retryReasons":[],"status":"passed","title":"falls back to defaults on network error"},{"ancestorTitles":["FogCutterAIService.generateMicroSteps"],"duration":1,"failureDetails":[],"failureMessages":[],"fullName":"FogCutterAIService.generateMicroSteps falls back to defaults on bad response","invocations":1,"location":null,"numPassingAsserts":1,"retryReasons":[],"status":"passed","title":"falls back to defaults on bad response"},{"ancestorTitles":["FogCutterAIService.generateMicroSteps"],"duration":1,"failureDetails":[],"failureMessages":[],"fullName":"FogCutterAIService.generateMicroSteps falls back to defaults on non-ok response","invocations":1,"location":null,"numPassingAsserts":1,"retryReasons":[],"status":"passed","title":"falls back to defaults on non-ok response"},{"ancestorTitles":["FogCutterAIService.generateMicroSteps"],"duration":0,"failureDetails":[],"failureMessages":[],"fullName":"FogCutterAIService.generateMicroSteps caps steps at 5 even if API returns more","invocations":1,"location":null,"numPassingAsserts":1,"retryReasons":[],"status":"passed","title":"caps steps at 5 even if API returns more"}],"endTime":1771811273386,"message":"","name":"C:\\Users\\Steve\\OneDrive\\Desktop\\Github Repos\\spark-adhd\\__tests__\\services\\FogCutterAIService.test.ts","startTime":1771811273269,"status":"passed","summary":""},{"assertionResults":[{"ancestorTitles":["AISortService.sortItems"],"duration":1,"failureDetails":[],"failureMessages":[],"fullName":"AISortService.sortItems returns empty array for empty input","invocations":1,"location":null,"numPassingAsserts":2,"retryReasons":[],"status":"passed","title":"returns empty array for empty input"},{"ancestorTitles":["AISortService.sortItems"],"duration":0,"failureDetails":[],"failureMessages":[],"fullName":"AISortService.sortItems returns sorted items on success","invocations":1,"location":null,"numPassingAsserts":2,"retryReasons":[],"status":"passed","title":"returns sorted items on success"},{"ancestorTitles":["AISortService.sortItems"],"duration":1,"failureDetails":[],"failureMessages":[],"fullName":"AISortService.sortItems returns cached result without re-fetching","invocations":1,"location":null,"numPassingAsserts":2,"retryReasons":[],"status":"passed","title":"returns cached result without re-fetching"},{"ancestorTitles":["AISortService.sortItems"],"duration":1,"failureDetails":[],"failureMessages":[],"fullName":"AISortService.sortItems does not use cache after clearCache()","invocations":1,"location":null,"numPassingAsserts":1,"retryReasons":[],"status":"passed","title":"does not use cache after clearCache()"},{"ancestorTitles":["AISortService.sortItems"],"duration":1,"failureDetails":[],"failureMessages":[],"fullName":"AISortService.sortItems throws AI_NETWORK error on fetch failure","invocations":1,"location":null,"numPassingAsserts":2,"retryReasons":[],"status":"passed","title":"throws AI_NETWORK error on fetch failure"},{"ancestorTitles":["AISortService.sortItems"],"duration":1,"failureDetails":[],"failureMessages":[],"fullName":"AISortService.sortItems throws AI_TIMEOUT error when aborted","invocations":1,"location":null,"numPassingAsserts":2,"retryReasons":[],"status":"passed","title":"throws AI_TIMEOUT error when aborted"},{"ancestorTitles":["AISortService.sortItems"],"duration":1,"failureDetails":[],"failureMessages":[],"fullName":"AISortService.sortItems throws AI_INVALID_RESPONSE for bad schema","invocations":1,"location":null,"numPassingAsserts":2,"retryReasons":[],"status":"passed","title":"throws AI_INVALID_RESPONSE for bad schema"},{"ancestorTitles":["AISortService.sortItems"],"duration":1,"failureDetails":[],"failureMessages":[],"fullName":"AISortService.sortItems throws AI_SERVER_ERROR for non-ok response","invocations":1,"location":null,"numPassingAsserts":2,"retryReasons":[],"status":"passed","title":"throws AI_SERVER_ERROR for non-ok response"}],"endTime":1771811273491,"message":"","name":"C:\\Users\\Steve\\OneDrive\\Desktop\\Github Repos\\spark-adhd\\__tests__\\services\\AISortService.test.ts","startTime":1771811273390,"status":"passed","summary":""},{"assertionResults":[{"ancestorTitles":["RecordingService","requestPermissions"],"duration":2,"failureDetails":[],"failureMessages":[],"fullName":"RecordingService requestPermissions should return true when granted","invocations":1,"location":null,"numPassingAsserts":1,"retryReasons":[],"status":"passed","title":"should return true when granted"},{"ancestorTitles":["RecordingService","requestPermissions"],"duration":1,"failureDetails":[],"failureMessages":[],"fullName":"RecordingService requestPermissions should return false when denied","invocations":1,"location":null,"numPassingAsserts":1,"retryReasons":[],"status":"passed","title":"should return false when denied"},{"ancestorTitles":["RecordingService","startRecording"],"duration":1,"failureDetails":[],"failureMessages":[],"fullName":"RecordingService startRecording should start recording when permissions are granted","invocations":1,"location":null,"numPassingAsserts":3,"retryReasons":[],"status":"passed","title":"should start recording when permissions are granted"},{"ancestorTitles":["RecordingService","startRecording"],"duration":0,"failureDetails":[],"failureMessages":[],"fullName":"RecordingService startRecording should fail to start when permissions are denied","invocations":1,"location":null,"numPassingAsserts":2,"retryReasons":[],"status":"passed","title":"should fail to start when permissions are denied"},{"ancestorTitles":["RecordingService","stopRecording"],"duration":2,"failureDetails":[],"failureMessages":[],"fullName":"RecordingService stopRecording should return result and reset state","invocations":1,"location":null,"numPassingAsserts":2,"retryReasons":[],"status":"passed","title":"should return result and reset state"},{"ancestorTitles":["RecordingService","stopRecording"],"duration":1,"failureDetails":[],"failureMessages":[],"fullName":"RecordingService stopRecording should return null if not recording","invocations":1,"location":null,"numPassingAsserts":1,"retryReasons":[],"status":"passed","title":"should return null if not recording"},{"ancestorTitles":["RecordingService","cancelRecording"],"duration":1,"failureDetails":[],"failureMessages":[],"fullName":"RecordingService cancelRecording should reset state","invocations":1,"location":null,"numPassingAsserts":1,"retryReasons":[],"status":"passed","title":"should reset state"}],"endTime":1771811273607,"message":"","name":"C:\\Users\\Steve\\OneDrive\\Desktop\\Github Repos\\spark-adhd\\__tests__\\RecordingService.test.ts","startTime":1771811273505,"status":"passed","summary":""},{"assertionResults":[{"ancestorTitles":["ActivationService"],"duration":2,"failureDetails":[],"failureMessages":[],"fullName":"ActivationService starts session and persists it","invocations":1,"location":null,"numPassingAsserts":2,"retryReasons":[],"status":"passed","title":"starts session and persists it"},{"ancestorTitles":["ActivationService"],"duration":1,"failureDetails":[],"failureMessages":[],"fullName":"ActivationService consumes pending start payload once","invocations":1,"location":null,"numPassingAsserts":2,"retryReasons":[],"status":"passed","title":"consumes pending start payload once"},{"ancestorTitles":["ActivationService"],"duration":3,"failureDetails":[],"failureMessages":[],"fullName":"ActivationService returns 7-day summary metrics","invocations":1,"location":null,"numPassingAsserts":5,"retryReasons":[],"status":"passed","title":"returns 7-day summary metrics"},{"ancestorTitles":["ActivationService"],"duration":2,"failureDetails":[],"failureMessages":[],"fullName":"ActivationService returns daily trend points for trailing window","invocations":1,"location":null,"numPassingAsserts":5,"retryReasons":[],"status":"passed","title":"returns daily trend points for trailing window"},{"ancestorTitles":["ActivationService"],"duration":1,"failureDetails":[],"failureMessages":[],"fullName":"ActivationService persists lastActiveSession on startSession","invocations":1,"location":null,"numPassingAsserts":1,"retryReasons":[],"status":"passed","title":"persists lastActiveSession on startSession"},{"ancestorTitles":["ActivationService"],"duration":1,"failureDetails":[],"failureMessages":[],"fullName":"ActivationService updates lastActiveSession status on completion","invocations":1,"location":null,"numPassingAsserts":1,"retryReasons":[],"status":"passed","title":"updates lastActiveSession status on completion"},{"ancestorTitles":["ActivationService"],"duration":0,"failureDetails":[],"failureMessages":[],"fullName":"ActivationService updates lastActiveSession status on resumed","invocations":1,"location":null,"numPassingAsserts":1,"retryReasons":[],"status":"passed","title":"updates lastActiveSession status on resumed"}],"endTime":1771811273712,"message":"","name":"C:\\Users\\Steve\\OneDrive\\Desktop\\Github Repos\\spark-adhd\\__tests__\\ActivationService.test.ts","startTime":1771811273611,"status":"passed","summary":""},{"assertionResults":[{"ancestorTitles":["helpers","formatTime"],"duration":0,"failureDetails":[],"failureMessages":[],"fullName":"helpers formatTime formats 0 seconds correctly","invocations":1,"location":null,"numPassingAsserts":1,"retryReasons":[],"status":"passed","title":"formats 0 seconds correctly"},{"ancestorTitles":["helpers","formatTime"],"duration":0,"failureDetails":[],"failureMessages":[],"fullName":"helpers formatTime formats seconds under a minute correctly","invocations":1,"location":null,"numPassingAsserts":1,"retryReasons":[],"status":"passed","title":"formats seconds under a minute correctly"},{"ancestorTitles":["helpers","formatTime"],"duration":0,"failureDetails":[],"failureMessages":[],"fullName":"helpers formatTime formats one minute correctly","invocations":1,"location":null,"numPassingAsserts":1,"retryReasons":[],"status":"passed","title":"formats one minute correctly"},{"ancestorTitles":["helpers","formatTime"],"duration":0,"failureDetails":[],"failureMessages":[],"fullName":"helpers formatTime formats 5 minutes correctly","invocations":1,"location":null,"numPassingAsserts":1,"retryReasons":[],"status":"passed","title":"formats 5 minutes correctly"},{"ancestorTitles":["helpers","formatTime"],"duration":0,"failureDetails":[],"failureMessages":[],"fullName":"helpers formatTime formats 25 minutes correctly","invocations":1,"location":null,"numPassingAsserts":1,"retryReasons":[],"status":"passed","title":"formats 25 minutes correctly"},{"ancestorTitles":["helpers","formatTime"],"duration":0,"failureDetails":[],"failureMessages":[],"fullName":"helpers formatTime formats 59:59 correctly","invocations":1,"location":null,"numPassingAsserts":1,"retryReasons":[],"status":"passed","title":"formats 59:59 correctly"},{"ancestorTitles":["helpers","calculateStreak"],"duration":0,"failureDetails":[],"failureMessages":[],"fullName":"helpers calculateStreak returns 1 when lastUseDate is null","invocations":1,"location":null,"numPassingAsserts":1,"retryReasons":[],"status":"passed","title":"returns 1 when lastUseDate is null"},{"ancestorTitles":["helpers","calculateStreak"],"duration":0,"failureDetails":[],"failureMessages":[],"fullName":"helpers calculateStreak returns current streak when used today","invocations":1,"location":null,"numPassingAsserts":1,"retryReasons":[],"status":"passed","title":"returns current streak when used today"},{"ancestorTitles":["helpers","calculateStreak"],"duration":1,"failureDetails":[],"failureMessages":[],"fullName":"helpers calculateStreak increments streak when used yesterday","invocations":1,"location":null,"numPassingAsserts":1,"retryReasons":[],"status":"passed","title":"increments streak when used yesterday"},{"ancestorTitles":["helpers","calculateStreak"],"duration":0,"failureDetails":[],"failureMessages":[],"fullName":"helpers calculateStreak resets streak when missed more than one day","invocations":1,"location":null,"numPassingAsserts":1,"retryReasons":[],"status":"passed","title":"resets streak when missed more than one day"},{"ancestorTitles":["helpers","generateId"],"duration":1,"failureDetails":[],"failureMessages":[],"fullName":"helpers generateId returns unique non-empty strings","invocations":1,"location":null,"numPassingAsserts":5,"retryReasons":[],"status":"passed","title":"returns unique non-empty strings"},{"ancestorTitles":["helpers","getDayName"],"duration":0,"failureDetails":[],"failureMessages":[],"fullName":"helpers getDayName returns the correct day name","invocations":1,"location":null,"numPassingAsserts":1,"retryReasons":[],"status":"passed","title":"returns the correct day name"}],"endTime":1771811273814,"message":"","name":"C:\\Users\\Steve\\OneDrive\\Desktop\\Github Repos\\spark-adhd\\__tests__\\helpers.test.ts","startTime":1771811273716,"status":"passed","summary":""},{"assertionResults":[{"ancestorTitles":["CADDI config integrity"],"duration":3,"failureDetails":[],"failureMessages":[],"fullName":"CADDI config integrity has unique source ids and valid https urls","invocations":1,"location":null,"numPassingAsserts":12,"retryReasons":[],"status":"passed","title":"has unique source ids and valid https urls"},{"ancestorTitles":["CADDI config integrity"],"duration":2,"failureDetails":[],"failureMessages":[],"fullName":"CADDI config integrity requirements only reference known source ids","invocations":1,"location":null,"numPassingAsserts":14,"retryReasons":[],"status":"passed","title":"requirements only reference known source ids"},{"ancestorTitles":["CADDI config integrity"],"duration":0,"failureDetails":[],"failureMessages":[],"fullName":"CADDI config integrity exposes stable overview content and source lookup","invocations":1,"location":null,"numPassingAsserts":4,"retryReasons":[],"status":"passed","title":"exposes stable overview content and source lookup"}],"endTime":1771811273914,"message":"","name":"C:\\Users\\Steve\\OneDrive\\Desktop\\Github Repos\\spark-adhd\\__tests__\\caddi.config.test.ts","startTime":1771811273818,"status":"passed","summary":""},{"assertionResults":[{"ancestorTitles":["fogCutter utils"],"duration":1,"failureDetails":[],"failureMessages":[],"fullName":"fogCutter utils normalizes string steps and assigns only one next","invocations":1,"location":null,"numPassingAsserts":4,"retryReasons":[],"status":"passed","title":"normalizes string steps and assigns only one next"},{"ancestorTitles":["fogCutter utils"],"duration":0,"failureDetails":[],"failureMessages":[],"fullName":"fogCutter utils collapses duplicate next states to a single next","invocations":1,"location":null,"numPassingAsserts":2,"retryReasons":[],"status":"passed","title":"collapses duplicate next states to a single next"},{"ancestorTitles":["fogCutter utils"],"duration":2,"failureDetails":[],"failureMessages":[],"fullName":"fogCutter utils advances task micro-steps and marks completion when done","invocations":1,"location":null,"numPassingAsserts":5,"retryReasons":[],"status":"passed","title":"advances task micro-steps and marks completion when done"}],"endTime":1771811274028,"message":"","name":"C:\\Users\\Steve\\OneDrive\\Desktop\\Github Repos\\spark-adhd\\__tests__\\fogCutter.utils.test.ts","startTime":1771811273929,"status":"passed","summary":""}],"wasInterrupted":false}
