{"numFailedTestSuites":0,"numFailedTests":0,"numPassedTestSuites":17,"numPassedTests":79,"numPendingTestSuites":0,"numPendingTests":0,"numRuntimeErrorTestSuites":0,"numTodoTests":0,"numTotalTestSuites":17,"numTotalTests":79,"openHandles":[],"snapshot":{"added":0,"didUpdate":false,"failure":false,"filesAdded":0,"filesRemoved":0,"filesRemovedList":[],"filesUnmatched":0,"filesUpdated":0,"matched":0,"total":0,"unchecked":0,"uncheckedKeysByFile":[],"unmatched":0,"updated":0},"startTime":1771200316313,"success":true,"testResults":[{"assertionResults":[{"ancestorTitles":["HomeScreen"],"duration":902,"failureDetails":[],"failureMessages":[],"fullName":"HomeScreen renders correctly","invocations":1,"location":null,"numPassingAsserts":1,"retryReasons":[],"status":"passed","title":"renders correctly"},{"ancestorTitles":["HomeScreen"],"duration":444,"failureDetails":[],"failureMessages":[],"fullName":"HomeScreen displays mode cards","invocations":1,"location":null,"numPassingAsserts":4,"retryReasons":[],"status":"passed","title":"displays mode cards"},{"ancestorTitles":["HomeScreen"],"duration":429,"failureDetails":[],"failureMessages":[],"fullName":"HomeScreen shows streak container","invocations":1,"location":null,"numPassingAsserts":1,"retryReasons":[],"status":"passed","title":"shows streak container"},{"ancestorTitles":["HomeScreen"],"duration":601,"failureDetails":[],"failureMessages":[],"fullName":"HomeScreen navigates to FogCutter when its card is pressed","invocations":1,"location":null,"numPassingAsserts":1,"retryReasons":[],"status":"passed","title":"navigates to FogCutter when its card is pressed"},{"ancestorTitles":["HomeScreen"],"duration":936,"failureDetails":[],"failureMessages":[],"fullName":"HomeScreen renders overlay debug log entries when permission event is received","invocations":1,"location":null,"numPassingAsserts":3,"retryReasons":[],"status":"passed","title":"renders overlay debug log entries when permission event is received"}],"endTime":1771200320208,"message":"","name":"C:\\Users\\Steve\\OneDrive\\Desktop\\Github Repos\\spark-adhd-backup\\__tests__\\HomeScreen.test.tsx","startTime":1771200316354,"status":"passed","summary":""},{"assertionResults":[{"ancestorTitles":["CheckInScreen"],"duration":4,"failureDetails":[],"failureMessages":[],"fullName":"CheckInScreen maps high readiness to focus ignite action","invocations":1,"location":null,"numPassingAsserts":2,"retryReasons":[],"status":"passed","title":"maps high readiness to focus ignite action"},{"ancestorTitles":["CheckInScreen"],"duration":154,"failureDetails":[],"failureMessages":[],"fullName":"CheckInScreen queues pending ignite start and navigates on high readiness CTA","invocations":1,"location":null,"numPassingAsserts":2,"retryReasons":[],"status":"passed","title":"queues pending ignite start and navigates on high readiness CTA"}],"endTime":1771200337573,"message":"","name":"C:\\Users\\Steve\\OneDrive\\Desktop\\Github Repos\\spark-adhd-backup\\__tests__\\CheckInScreen.test.tsx","startTime":1771200337284,"status":"passed","summary":""},{"assertionResults":[{"ancestorTitles":["FogCutterScreen"],"duration":145,"failureDetails":[],"failureMessages":[],"fullName":"FogCutterScreen loads tasks from storage and renders them","invocations":1,"location":null,"numPassingAsserts":2,"retryReasons":[],"status":"passed","title":"loads tasks from storage and renders them"}],"endTime":1771200337841,"message":"","name":"C:\\Users\\Steve\\OneDrive\\Desktop\\Github Repos\\spark-adhd-backup\\__tests__\\FogCutterScreen.test.tsx","startTime":1771200337577,"status":"passed","summary":""},{"assertionResults":[{"ancestorTitles":["helpers fuzz tests"],"duration":70,"failureDetails":[],"failureMessages":[],"fullName":"helpers fuzz tests formatTime handles random non-negative values","invocations":1,"location":null,"numPassingAsserts":1250,"retryReasons":[],"status":"passed","title":"formatTime handles random non-negative values"}],"endTime":1771200337987,"message":"","name":"C:\\Users\\Steve\\OneDrive\\Desktop\\Github Repos\\spark-adhd-backup\\__tests__\\helpers.fuzz.test.ts","startTime":1771200337844,"status":"passed","summary":""},{"assertionResults":[{"ancestorTitles":["CBTGuideScreen"],"duration":75,"failureDetails":[],"failureMessages":[],"fullName":"CBTGuideScreen renders correctly with title","invocations":1,"location":null,"numPassingAsserts":2,"retryReasons":[],"status":"passed","title":"renders correctly with title"},{"ancestorTitles":["CBTGuideScreen"],"duration":5,"failureDetails":[],"failureMessages":[],"fullName":"CBTGuideScreen displays CADDI pillars","invocations":1,"location":null,"numPassingAsserts":3,"retryReasons":[],"status":"passed","title":"displays CADDI pillars"},{"ancestorTitles":["CBTGuideScreen"],"duration":6,"failureDetails":[],"failureMessages":[],"fullName":"CBTGuideScreen shows feature buttons","invocations":1,"location":null,"numPassingAsserts":5,"retryReasons":[],"status":"passed","title":"shows feature buttons"},{"ancestorTitles":["CBTGuideScreen"],"duration":7,"failureDetails":[],"failureMessages":[],"fullName":"CBTGuideScreen renders compact CADDI research section","invocations":1,"location":null,"numPassingAsserts":5,"retryReasons":[],"status":"passed","title":"renders compact CADDI research section"}],"endTime":1771200338200,"message":"","name":"C:\\Users\\Steve\\OneDrive\\Desktop\\Github Repos\\spark-adhd-backup\\__tests__\\CBTGuideScreen.test.tsx","startTime":1771200337991,"status":"passed","summary":""},{"assertionResults":[{"ancestorTitles":["useTimer"],"duration":10,"failureDetails":[],"failureMessages":[],"fullName":"useTimer initializes with correct time","invocations":1,"location":null,"numPassingAsserts":2,"retryReasons":[],"status":"passed","title":"initializes with correct time"},{"ancestorTitles":["useTimer"],"duration":2,"failureDetails":[],"failureMessages":[],"fullName":"useTimer starts timer when start is called","invocations":1,"location":null,"numPassingAsserts":2,"retryReasons":[],"status":"passed","title":"starts timer when start is called"},{"ancestorTitles":["useTimer"],"duration":1,"failureDetails":[],"failureMessages":[],"fullName":"useTimer pauses timer when pause is called","invocations":1,"location":null,"numPassingAsserts":2,"retryReasons":[],"status":"passed","title":"pauses timer when pause is called"},{"ancestorTitles":["useTimer"],"duration":2,"failureDetails":[],"failureMessages":[],"fullName":"useTimer resets timer to initial time","invocations":1,"location":null,"numPassingAsserts":2,"retryReasons":[],"status":"passed","title":"resets timer to initial time"},{"ancestorTitles":["useTimer"],"duration":1,"failureDetails":[],"failureMessages":[],"fullName":"useTimer formats time correctly","invocations":1,"location":null,"numPassingAsserts":1,"retryReasons":[],"status":"passed","title":"formats time correctly"},{"ancestorTitles":["useTimer"],"duration":1,"failureDetails":[],"failureMessages":[],"fullName":"useTimer supports autoStart and completion state","invocations":1,"location":null,"numPassingAsserts":3,"retryReasons":[],"status":"passed","title":"supports autoStart and completion state"},{"ancestorTitles":["useTimer"],"duration":1,"failureDetails":[],"failureMessages":[],"fullName":"useTimer allows setting time directly","invocations":1,"location":null,"numPassingAsserts":1,"retryReasons":[],"status":"passed","title":"allows setting time directly"},{"ancestorTitles":["useTimer"],"duration":5,"failureDetails":[],"failureMessages":[],"fullName":"useTimer calls onComplete when timer finishes","invocations":1,"location":null,"numPassingAsserts":1,"retryReasons":[],"status":"passed","title":"calls onComplete when timer finishes"}],"endTime":1771200338321,"message":"","name":"C:\\Users\\Steve\\OneDrive\\Desktop\\Github Repos\\spark-adhd-backup\\__tests__\\useTimer.test.ts","startTime":1771200338205,"status":"passed","summary":""},{"assertionResults":[{"ancestorTitles":["StorageService"],"duration":1,"failureDetails":[],"failureMessages":[],"fullName":"StorageService setJSON stringifies values","invocations":1,"location":null,"numPassingAsserts":1,"retryReasons":[],"status":"passed","title":"setJSON stringifies values"},{"ancestorTitles":["StorageService"],"duration":1,"failureDetails":[],"failureMessages":[],"fullName":"StorageService getJSON parses values","invocations":1,"location":null,"numPassingAsserts":2,"retryReasons":[],"status":"passed","title":"getJSON parses values"},{"ancestorTitles":["StorageService"],"duration":0,"failureDetails":[],"failureMessages":[],"fullName":"StorageService getJSON returns null when storage is empty","invocations":1,"location":null,"numPassingAsserts":1,"retryReasons":[],"status":"passed","title":"getJSON returns null when storage is empty"},{"ancestorTitles":["StorageService"],"duration":18,"failureDetails":[],"failureMessages":[],"fullName":"StorageService getJSON returns null for invalid JSON","invocations":1,"location":null,"numPassingAsserts":1,"retryReasons":[],"status":"passed","title":"getJSON returns null for invalid JSON"},{"ancestorTitles":["StorageService"],"duration":7,"failureDetails":[],"failureMessages":[],"fullName":"StorageService get returns null on storage error","invocations":1,"location":null,"numPassingAsserts":1,"retryReasons":[],"status":"passed","title":"get returns null on storage error"},{"ancestorTitles":["StorageService"],"duration":1,"failureDetails":[],"failureMessages":[],"fullName":"StorageService set returns false on storage error","invocations":1,"location":null,"numPassingAsserts":1,"retryReasons":[],"status":"passed","title":"set returns false on storage error"},{"ancestorTitles":["StorageService"],"duration":0,"failureDetails":[],"failureMessages":[],"fullName":"StorageService remove returns false on storage error","invocations":1,"location":null,"numPassingAsserts":1,"retryReasons":[],"status":"passed","title":"remove returns false on storage error"},{"ancestorTitles":["StorageService"],"duration":1,"failureDetails":[],"failureMessages":[],"fullName":"StorageService remove returns true on success","invocations":1,"location":null,"numPassingAsserts":1,"retryReasons":[],"status":"passed","title":"remove returns true on success"},{"ancestorTitles":["StorageService"],"duration":11,"failureDetails":[],"failureMessages":[],"fullName":"StorageService setJSON returns false when JSON serialization fails","invocations":1,"location":null,"numPassingAsserts":1,"retryReasons":[],"status":"passed","title":"setJSON returns false when JSON serialization fails"}],"endTime":1771200338477,"message":"","name":"C:\\Users\\Steve\\OneDrive\\Desktop\\Github Repos\\spark-adhd-backup\\__tests__\\StorageService.test.ts","startTime":1771200338324,"status":"passed","summary":""},{"assertionResults":[{"ancestorTitles":["Phase B loading states"],"duration":76,"failureDetails":[],"failureMessages":[],"fullName":"Phase B loading states shows loading state for BrainDump initial hydration","invocations":1,"location":null,"numPassingAsserts":1,"retryReasons":[],"status":"passed","title":"shows loading state for BrainDump initial hydration"},{"ancestorTitles":["Phase B loading states"],"duration":5,"failureDetails":[],"failureMessages":[],"fullName":"Phase B loading states shows loading state for FogCutter initial hydration","invocations":1,"location":null,"numPassingAsserts":1,"retryReasons":[],"status":"passed","title":"shows loading state for FogCutter initial hydration"},{"ancestorTitles":["Phase B loading states"],"duration":2,"failureDetails":[],"failureMessages":[],"fullName":"Phase B loading states shows restoring state for Ignite session restore","invocations":1,"location":null,"numPassingAsserts":1,"retryReasons":[],"status":"passed","title":"shows restoring state for Ignite session restore"}],"endTime":1771200338682,"message":"","name":"C:\\Users\\Steve\\OneDrive\\Desktop\\Github Repos\\spark-adhd-backup\\__tests__\\PhaseBUXStates.test.tsx","startTime":1771200338486,"status":"passed","summary":""},{"assertionResults":[{"ancestorTitles":["RecordingService","requestPermissions"],"duration":1,"failureDetails":[],"failureMessages":[],"fullName":"RecordingService requestPermissions should return true when granted","invocations":1,"location":null,"numPassingAsserts":1,"retryReasons":[],"status":"passed","title":"should return true when granted"},{"ancestorTitles":["RecordingService","requestPermissions"],"duration":0,"failureDetails":[],"failureMessages":[],"fullName":"RecordingService requestPermissions should return false when denied","invocations":1,"location":null,"numPassingAsserts":1,"retryReasons":[],"status":"passed","title":"should return false when denied"},{"ancestorTitles":["RecordingService","startRecording"],"duration":2,"failureDetails":[],"failureMessages":[],"fullName":"RecordingService startRecording should start recording when permissions are granted","invocations":1,"location":null,"numPassingAsserts":3,"retryReasons":[],"status":"passed","title":"should start recording when permissions are granted"},{"ancestorTitles":["RecordingService","startRecording"],"duration":1,"failureDetails":[],"failureMessages":[],"fullName":"RecordingService startRecording should fail to start when permissions are denied","invocations":1,"location":null,"numPassingAsserts":2,"retryReasons":[],"status":"passed","title":"should fail to start when permissions are denied"},{"ancestorTitles":["RecordingService","stopRecording"],"duration":0,"failureDetails":[],"failureMessages":[],"fullName":"RecordingService stopRecording should return result and reset state","invocations":1,"location":null,"numPassingAsserts":2,"retryReasons":[],"status":"passed","title":"should return result and reset state"},{"ancestorTitles":["RecordingService","stopRecording"],"duration":1,"failureDetails":[],"failureMessages":[],"fullName":"RecordingService stopRecording should return null if not recording","invocations":1,"location":null,"numPassingAsserts":1,"retryReasons":[],"status":"passed","title":"should return null if not recording"},{"ancestorTitles":["RecordingService","cancelRecording"],"duration":1,"failureDetails":[],"failureMessages":[],"fullName":"RecordingService cancelRecording should reset state","invocations":1,"location":null,"numPassingAsserts":1,"retryReasons":[],"status":"passed","title":"should reset state"}],"endTime":1771200338766,"message":"","name":"C:\\Users\\Steve\\OneDrive\\Desktop\\Github Repos\\spark-adhd-backup\\__tests__\\RecordingService.test.ts","startTime":1771200338686,"status":"passed","summary":""},{"assertionResults":[{"ancestorTitles":["PlaudService","transcribe"],"duration":1,"failureDetails":[],"failureMessages":[],"fullName":"PlaudService transcribe should handle successful transcription on Web","invocations":1,"location":null,"numPassingAsserts":2,"retryReasons":[],"status":"passed","title":"should handle successful transcription on Web"},{"ancestorTitles":["PlaudService","transcribe"],"duration":1,"failureDetails":[],"failureMessages":[],"fullName":"PlaudService transcribe should handle successful transcription on Native","invocations":1,"location":null,"numPassingAsserts":2,"retryReasons":[],"status":"passed","title":"should handle successful transcription on Native"},{"ancestorTitles":["PlaudService","transcribe"],"duration":1,"failureDetails":[],"failureMessages":[],"fullName":"PlaudService transcribe should handle API error responses","invocations":1,"location":null,"numPassingAsserts":2,"retryReasons":[],"status":"passed","title":"should handle API error responses"},{"ancestorTitles":["PlaudService","transcribe"],"duration":8,"failureDetails":[],"failureMessages":[],"fullName":"PlaudService transcribe should handle network exceptions","invocations":1,"location":null,"numPassingAsserts":2,"retryReasons":[],"status":"passed","title":"should handle network exceptions"},{"ancestorTitles":["PlaudService","healthCheck"],"duration":0,"failureDetails":[],"failureMessages":[],"fullName":"PlaudService healthCheck should return true when API is reachable","invocations":1,"location":null,"numPassingAsserts":1,"retryReasons":[],"status":"passed","title":"should return true when API is reachable"},{"ancestorTitles":["PlaudService","healthCheck"],"duration":0,"failureDetails":[],"failureMessages":[],"fullName":"PlaudService healthCheck should return false when API is unreachable","invocations":1,"location":null,"numPassingAsserts":1,"retryReasons":[],"status":"passed","title":"should return false when API is unreachable"}],"endTime":1771200338870,"message":"","name":"C:\\Users\\Steve\\OneDrive\\Desktop\\Github Repos\\spark-adhd-backup\\__tests__\\PlaudService.test.ts","startTime":1771200338774,"status":"passed","summary":""},{"assertionResults":[{"ancestorTitles":["handleOverlayIntent"],"duration":5,"failureDetails":[],"failureMessages":[],"fullName":"handleOverlayIntent returns false when navigation is not ready","invocations":1,"location":null,"numPassingAsserts":2,"retryReasons":[],"status":"passed","title":"returns false when navigation is not ready"},{"ancestorTitles":["handleOverlayIntent"],"duration":1,"failureDetails":[],"failureMessages":[],"fullName":"handleOverlayIntent returns false when route is missing or disallowed","invocations":1,"location":null,"numPassingAsserts":3,"retryReasons":[],"status":"passed","title":"returns false when route is missing or disallowed"},{"ancestorTitles":["handleOverlayIntent"],"duration":1,"failureDetails":[],"failureMessages":[],"fullName":"handleOverlayIntent navigates to Tasks with autoRecord params and returns true","invocations":1,"location":null,"numPassingAsserts":2,"retryReasons":[],"status":"passed","title":"navigates to Tasks with autoRecord params and returns true"},{"ancestorTitles":["handleOverlayIntent"],"duration":1,"failureDetails":[],"failureMessages":[],"fullName":"handleOverlayIntent navigates to allowed non-Tasks route and returns true","invocations":1,"location":null,"numPassingAsserts":2,"retryReasons":[],"status":"passed","title":"navigates to allowed non-Tasks route and returns true"}],"endTime":1771200338961,"message":"","name":"C:\\Users\\Steve\\OneDrive\\Desktop\\Github Repos\\spark-adhd-backup\\__tests__\\navigationRef.test.ts","startTime":1771200338876,"status":"passed","summary":""},{"assertionResults":[{"ancestorTitles":["ActivationService"],"duration":1,"failureDetails":[],"failureMessages":[],"fullName":"ActivationService starts session and persists it","invocations":1,"location":null,"numPassingAsserts":2,"retryReasons":[],"status":"passed","title":"starts session and persists it"},{"ancestorTitles":["ActivationService"],"duration":0,"failureDetails":[],"failureMessages":[],"fullName":"ActivationService consumes pending start payload once","invocations":1,"location":null,"numPassingAsserts":2,"retryReasons":[],"status":"passed","title":"consumes pending start payload once"},{"ancestorTitles":["ActivationService"],"duration":0,"failureDetails":[],"failureMessages":[],"fullName":"ActivationService returns 7-day summary metrics","invocations":1,"location":null,"numPassingAsserts":5,"retryReasons":[],"status":"passed","title":"returns 7-day summary metrics"},{"ancestorTitles":["ActivationService"],"duration":1,"failureDetails":[],"failureMessages":[],"fullName":"ActivationService returns daily trend points for trailing window","invocations":1,"location":null,"numPassingAsserts":5,"retryReasons":[],"status":"passed","title":"returns daily trend points for trailing window"}],"endTime":1771200339047,"message":"","name":"C:\\Users\\Steve\\OneDrive\\Desktop\\Github Repos\\spark-adhd-backup\\__tests__\\ActivationService.test.ts","startTime":1771200338974,"status":"passed","summary":""},{"assertionResults":[{"ancestorTitles":["AISortService"],"duration":1,"failureDetails":[],"failureMessages":[],"fullName":"AISortService returns [] for empty input","invocations":1,"location":null,"numPassingAsserts":2,"retryReasons":[],"status":"passed","title":"returns [] for empty input"},{"ancestorTitles":["AISortService"],"duration":0,"failureDetails":[],"failureMessages":[],"fullName":"AISortService returns sorted items when api succeeds","invocations":1,"location":null,"numPassingAsserts":2,"retryReasons":[],"status":"passed","title":"returns sorted items when api succeeds"},{"ancestorTitles":["AISortService"],"duration":4,"failureDetails":[],"failureMessages":[],"fullName":"AISortService throws when api returns malformed payload","invocations":1,"location":null,"numPassingAsserts":1,"retryReasons":[],"status":"passed","title":"throws when api returns malformed payload"},{"ancestorTitles":["AISortService"],"duration":0,"failureDetails":[],"failureMessages":[],"fullName":"AISortService throws with server error message","invocations":1,"location":null,"numPassingAsserts":1,"retryReasons":[],"status":"passed","title":"throws with server error message"}],"endTime":1771200339131,"message":"","name":"C:\\Users\\Steve\\OneDrive\\Desktop\\Github Repos\\spark-adhd-backup\\__tests__\\AISortService.test.ts","startTime":1771200339052,"status":"passed","summary":""},{"assertionResults":[{"ancestorTitles":["CADDI config integrity"],"duration":2,"failureDetails":[],"failureMessages":[],"fullName":"CADDI config integrity has unique source ids and valid https urls","invocations":1,"location":null,"numPassingAsserts":12,"retryReasons":[],"status":"passed","title":"has unique source ids and valid https urls"},{"ancestorTitles":["CADDI config integrity"],"duration":1,"failureDetails":[],"failureMessages":[],"fullName":"CADDI config integrity requirements only reference known source ids","invocations":1,"location":null,"numPassingAsserts":14,"retryReasons":[],"status":"passed","title":"requirements only reference known source ids"},{"ancestorTitles":["CADDI config integrity"],"duration":1,"failureDetails":[],"failureMessages":[],"fullName":"CADDI config integrity exposes stable overview content and source lookup","invocations":1,"location":null,"numPassingAsserts":4,"retryReasons":[],"status":"passed","title":"exposes stable overview content and source lookup"}],"endTime":1771200339218,"message":"","name":"C:\\Users\\Steve\\OneDrive\\Desktop\\Github Repos\\spark-adhd-backup\\__tests__\\caddi.config.test.ts","startTime":1771200339135,"status":"passed","summary":""},{"assertionResults":[{"ancestorTitles":["OverlayService"],"duration":7,"failureDetails":[],"failureMessages":[],"fullName":"OverlayService returns false when permission request times out","invocations":1,"location":null,"numPassingAsserts":2,"retryReasons":[],"status":"passed","title":"returns false when permission request times out"},{"ancestorTitles":["OverlayService"],"duration":3,"failureDetails":[],"failureMessages":[],"fullName":"OverlayService clears pending count updates when overlay is stopped","invocations":1,"location":null,"numPassingAsserts":2,"retryReasons":[],"status":"passed","title":"clears pending count updates when overlay is stopped"},{"ancestorTitles":["OverlayService"],"duration":2,"failureDetails":[],"failureMessages":[],"fullName":"OverlayService subscribes and unsubscribes overlay permission timeout events","invocations":1,"location":null,"numPassingAsserts":2,"retryReasons":[],"status":"passed","title":"subscribes and unsubscribes overlay permission timeout events"}],"endTime":1771200339306,"message":"","name":"C:\\Users\\Steve\\OneDrive\\Desktop\\Github Repos\\spark-adhd-backup\\__tests__\\OverlayService.test.ts","startTime":1771200339222,"status":"passed","summary":""},{"assertionResults":[{"ancestorTitles":["fogCutter utils"],"duration":1,"failureDetails":[],"failureMessages":[],"fullName":"fogCutter utils normalizes string steps and assigns only one next","invocations":1,"location":null,"numPassingAsserts":4,"retryReasons":[],"status":"passed","title":"normalizes string steps and assigns only one next"},{"ancestorTitles":["fogCutter utils"],"duration":1,"failureDetails":[],"failureMessages":[],"fullName":"fogCutter utils collapses duplicate next states to a single next","invocations":1,"location":null,"numPassingAsserts":2,"retryReasons":[],"status":"passed","title":"collapses duplicate next states to a single next"},{"ancestorTitles":["fogCutter utils"],"duration":1,"failureDetails":[],"failureMessages":[],"fullName":"fogCutter utils advances task micro-steps and marks completion when done","invocations":1,"location":null,"numPassingAsserts":5,"retryReasons":[],"status":"passed","title":"advances task micro-steps and marks completion when done"}],"endTime":1771200339399,"message":"","name":"C:\\Users\\Steve\\OneDrive\\Desktop\\Github Repos\\spark-adhd-backup\\__tests__\\fogCutter.utils.test.ts","startTime":1771200339320,"status":"passed","summary":""},{"assertionResults":[{"ancestorTitles":["helpers","formatTime"],"duration":0,"failureDetails":[],"failureMessages":[],"fullName":"helpers formatTime formats 0 seconds correctly","invocations":1,"location":null,"numPassingAsserts":1,"retryReasons":[],"status":"passed","title":"formats 0 seconds correctly"},{"ancestorTitles":["helpers","formatTime"],"duration":0,"failureDetails":[],"failureMessages":[],"fullName":"helpers formatTime formats seconds under a minute correctly","invocations":1,"location":null,"numPassingAsserts":1,"retryReasons":[],"status":"passed","title":"formats seconds under a minute correctly"},{"ancestorTitles":["helpers","formatTime"],"duration":0,"failureDetails":[],"failureMessages":[],"fullName":"helpers formatTime formats one minute correctly","invocations":1,"location":null,"numPassingAsserts":1,"retryReasons":[],"status":"passed","title":"formats one minute correctly"},{"ancestorTitles":["helpers","formatTime"],"duration":0,"failureDetails":[],"failureMessages":[],"fullName":"helpers formatTime formats 5 minutes correctly","invocations":1,"location":null,"numPassingAsserts":1,"retryReasons":[],"status":"passed","title":"formats 5 minutes correctly"},{"ancestorTitles":["helpers","formatTime"],"duration":0,"failureDetails":[],"failureMessages":[],"fullName":"helpers formatTime formats 25 minutes correctly","invocations":1,"location":null,"numPassingAsserts":1,"retryReasons":[],"status":"passed","title":"formats 25 minutes correctly"},{"ancestorTitles":["helpers","formatTime"],"duration":0,"failureDetails":[],"failureMessages":[],"fullName":"helpers formatTime formats 59:59 correctly","invocations":1,"location":null,"numPassingAsserts":1,"retryReasons":[],"status":"passed","title":"formats 59:59 correctly"},{"ancestorTitles":["helpers","calculateStreak"],"duration":1,"failureDetails":[],"failureMessages":[],"fullName":"helpers calculateStreak returns 1 when lastUseDate is null","invocations":1,"location":null,"numPassingAsserts":1,"retryReasons":[],"status":"passed","title":"returns 1 when lastUseDate is null"},{"ancestorTitles":["helpers","calculateStreak"],"duration":0,"failureDetails":[],"failureMessages":[],"fullName":"helpers calculateStreak returns current streak when used today","invocations":1,"location":null,"numPassingAsserts":1,"retryReasons":[],"status":"passed","title":"returns current streak when used today"},{"ancestorTitles":["helpers","calculateStreak"],"duration":0,"failureDetails":[],"failureMessages":[],"fullName":"helpers calculateStreak increments streak when used yesterday","invocations":1,"location":null,"numPassingAsserts":1,"retryReasons":[],"status":"passed","title":"increments streak when used yesterday"},{"ancestorTitles":["helpers","calculateStreak"],"duration":1,"failureDetails":[],"failureMessages":[],"fullName":"helpers calculateStreak resets streak when missed more than one day","invocations":1,"location":null,"numPassingAsserts":1,"retryReasons":[],"status":"passed","title":"resets streak when missed more than one day"},{"ancestorTitles":["helpers","generateId"],"duration":0,"failureDetails":[],"failureMessages":[],"fullName":"helpers generateId returns unique non-empty strings","invocations":1,"location":null,"numPassingAsserts":5,"retryReasons":[],"status":"passed","title":"returns unique non-empty strings"},{"ancestorTitles":["helpers","getDayName"],"duration":1,"failureDetails":[],"failureMessages":[],"fullName":"helpers getDayName returns the correct day name","invocations":1,"location":null,"numPassingAsserts":1,"retryReasons":[],"status":"passed","title":"returns the correct day name"}],"endTime":1771200339478,"message":"","name":"C:\\Users\\Steve\\OneDrive\\Desktop\\Github Repos\\spark-adhd-backup\\__tests__\\helpers.test.ts","startTime":1771200339404,"status":"passed","summary":""}],"wasInterrupted":false}
